<?xml version="1.0" encoding="UTF-8"?>
<!-- Generated by org.testng.reporters.JUnitReportReporter -->
<testsuite hostname="Bhanu" failures="0" tests="5" name="day1.PostiveTest" time="6.553" errors="0" timestamp="09 Nov 2021 10:35:31 GMT" skipped="1">
  <testcase classname="day1.PostiveTest" name="updateContact" time="0.500"/>
  <testcase classname="day1.PostiveTest" name="deleteContact" time="0.472"/>
  <testcase classname="day1.PostiveTest" name="getSpecificContact" time="0.482"/>
  <testcase classname="day1.PostiveTest" name="putContact" time="5.099"/>
  <testcase classname="day1.PostiveTest" name="getAllContactList">
    <skipped/>
  </testcase> <!-- getAllContactList -->
</testsuite> <!-- day1.PostiveTest -->
