<?xml version="1.0" encoding="UTF-8"?>
<!-- Generated by org.testng.reporters.JUnitReportReporter -->
<testsuite hostname="Bhanu" failures="0" tests="2" name="day1.GitHubExample" time="3.779" errors="0" timestamp="09 Nov 2021 12:21:48 GMT" skipped="0">
  <testcase classname="day1.GitHubExample" name="getAllRepo" time="0.432"/>
  <testcase classname="day1.GitHubExample" name="addRepository" time="3.347"/>
</testsuite> <!-- day1.GitHubExample -->
