<?xml version="1.0" encoding="UTF-8"?>
<!-- Generated by org.testng.reporters.JUnitReportReporter -->
<testsuite hostname="Bhanu" failures="0" tests="3" name="day1.OpenWeatherAPI" time="3.822" errors="0" timestamp="09 Nov 2021 07:02:41 GMT" skipped="1">
  <testcase classname="day1.OpenWeatherAPI" name="getWeatherInfo" time="0.439"/>
  <testcase classname="day1.OpenWeatherAPI" name="OpenWeatherInfo3" time="3.383"/>
  <testcase classname="day1.OpenWeatherAPI" name="OpenWeatherInfo2">
    <skipped/>
  </testcase> <!-- OpenWeatherInfo2 -->
</testsuite> <!-- day1.OpenWeatherAPI -->
